{
  "stats": {
    "suites": 1,
    "tests": 4,
    "passes": 3,
    "pending": 0,
    "failures": 1,
    "start": "2022-10-25T11:09:30.871Z",
    "end": "2022-10-25T11:11:12.037Z",
    "duration": 101166,
    "testsRegistered": 4,
    "passPercent": 75,
    "pendingPercent": 0,
    "other": 0,
    "hasOther": false,
    "skipped": 0,
    "hasSkipped": false
  },
  "results": [
    {
      "uuid": "9eeea371-8bbf-4931-a704-bb9df305bd9c",
      "title": "",
      "fullFile": "cypress\\Integration\\Examples\\BDD\\FlipkartWebsite1.feature",
      "file": "cypress\\Integration\\Examples\\BDD\\FlipkartWebsite1.feature",
      "beforeHooks": [],
      "afterHooks": [],
      "tests": [],
      "suites": [
        {
          "uuid": "f670941d-4ce9-4eca-a227-469bea9ce08d",
          "title": "End To End Flipkart Validation",
          "fullFile": "",
          "file": "",
          "beforeHooks": [],
          "afterHooks": [],
          "tests": [
            {
              "title": "Flipkart Search functionality steps",
              "fullTitle": "End To End Flipkart Validation Flipkart Search functionality steps",
              "timedOut": null,
              "duration": 20133,
              "state": "passed",
              "speed": "slow",
              "pass": true,
              "fail": false,
              "pending": false,
              "context": null,
              "code": "const state = window.testState;\nreturn cy\n  .then(() => state.onStartScenario(scenario, indexedSteps))\n  .then(() =>\n    resolveAndRunBeforeHooks.call(this, scenario.tags, state.feature.name)\n  )\n  .then(() =>\n    indexedSteps.forEach((step) =>\n      stepTest.call(this, state, step, rowData)\n    )\n  )\n  .then(() => state.onFinishScenario(scenario));",
              "err": {},
              "uuid": "8eecd1d2-4bff-4736-bdf5-1b56bfc55bc0",
              "parentUUID": "f670941d-4ce9-4eca-a227-469bea9ce08d",
              "isHook": false,
              "skipped": false
            },
            {
              "title": "Flipkart My Profile tab steps",
              "fullTitle": "End To End Flipkart Validation Flipkart My Profile tab steps",
              "timedOut": null,
              "duration": 14426,
              "state": "passed",
              "speed": "slow",
              "pass": true,
              "fail": false,
              "pending": false,
              "context": null,
              "code": "const state = window.testState;\nreturn cy\n  .then(() => state.onStartScenario(scenario, indexedSteps))\n  .then(() =>\n    resolveAndRunBeforeHooks.call(this, scenario.tags, state.feature.name)\n  )\n  .then(() =>\n    indexedSteps.forEach((step) =>\n      stepTest.call(this, state, step, rowData)\n    )\n  )\n  .then(() => state.onFinishScenario(scenario));",
              "err": {},
              "uuid": "c86a86ab-3f73-48c1-ae57-bd69dc57adee",
              "parentUUID": "f670941d-4ce9-4eca-a227-469bea9ce08d",
              "isHook": false,
              "skipped": false
            },
            {
              "title": "Flipkart My Logout tab steps",
              "fullTitle": "End To End Flipkart Validation Flipkart My Logout tab steps",
              "timedOut": null,
              "duration": 10141,
              "state": "passed",
              "speed": "slow",
              "pass": true,
              "fail": false,
              "pending": false,
              "context": null,
              "code": "const state = window.testState;\nreturn cy\n  .then(() => state.onStartScenario(scenario, indexedSteps))\n  .then(() =>\n    resolveAndRunBeforeHooks.call(this, scenario.tags, state.feature.name)\n  )\n  .then(() =>\n    indexedSteps.forEach((step) =>\n      stepTest.call(this, state, step, rowData)\n    )\n  )\n  .then(() => state.onFinishScenario(scenario));",
              "err": {},
              "uuid": "5d582e05-154a-421a-aeab-ab5a46176432",
              "parentUUID": "f670941d-4ce9-4eca-a227-469bea9ce08d",
              "isHook": false,
              "skipped": false
            },
            {
              "title": "Flipkart My Travel Tab steps",
              "fullTitle": "End To End Flipkart Validation Flipkart My Travel Tab steps",
              "timedOut": null,
              "duration": 18250,
              "state": "failed",
              "speed": null,
              "pass": false,
              "fail": true,
              "pending": false,
              "context": null,
              "code": "const state = window.testState;\nreturn cy\n  .then(() => state.onStartScenario(scenario, indexedSteps))\n  .then(() =>\n    resolveAndRunBeforeHooks.call(this, scenario.tags, state.feature.name)\n  )\n  .then(() =>\n    indexedSteps.forEach((step) =>\n      stepTest.call(this, state, step, rowData)\n    )\n  )\n  .then(() => state.onFinishScenario(scenario));",
              "err": {
                "message": "AssertionError: Timed out retrying after 8000ms: Expected to find content: 'BLR' within the element: <div._3uA4ax> but never did.",
                "estack": "AssertionError: Timed out retrying after 8000ms: Expected to find content: 'BLR' within the element: <div._3uA4ax> but never did.\n    at Context.eval (https://www.flipkart.com/__cypress/tests?p=cypress\\Integration\\Examples\\BDD\\FlipkartWebsite1.feature:162:45)\n    at Context.resolveAndRunStepDefinition (https://www.flipkart.com/__cypress/tests?p=cypress\\Integration\\Examples\\BDD\\FlipkartWebsite1.feature:12687:29)\n    at Context.eval (https://www.flipkart.com/__cypress/tests?p=cypress\\Integration\\Examples\\BDD\\FlipkartWebsite1.feature:12008:35)",
                "diff": null
              },
              "uuid": "c8abd5e3-f547-47a9-bda5-7412abd83b4b",
              "parentUUID": "f670941d-4ce9-4eca-a227-469bea9ce08d",
              "isHook": false,
              "skipped": false
            }
          ],
          "suites": [],
          "passes": [
            "8eecd1d2-4bff-4736-bdf5-1b56bfc55bc0",
            "c86a86ab-3f73-48c1-ae57-bd69dc57adee",
            "5d582e05-154a-421a-aeab-ab5a46176432"
          ],
          "failures": [
            "c8abd5e3-f547-47a9-bda5-7412abd83b4b"
          ],
          "pending": [],
          "skipped": [],
          "duration": 62950,
          "root": false,
          "rootEmpty": false,
          "_timeout": 2000
        }
      ],
      "passes": [],
      "failures": [],
      "pending": [],
      "skipped": [],
      "duration": 0,
      "root": true,
      "rootEmpty": true,
      "_timeout": 2000
    }
  ],
  "meta": {
    "mocha": {
      "version": "7.0.1"
    },
    "mochawesome": {
      "options": {
        "quiet": false,
        "reportFilename": "mochawesome",
        "saveHtml": true,
        "saveJson": true,
        "consoleReporter": "spec",
        "useInlineDiffs": false,
        "code": true
      },
      "version": "7.1.3"
    },
    "marge": {
      "options": null,
      "version": "6.2.0"
    }
  }
}